[2022-12-04 11:18:01 +0800] [96872] [INFO] Starting gunicorn 20.1.0
[2022-12-04 11:18:01 +0800] [96864] [INFO] Starting gunicorn 20.1.0
[2022-12-04 11:18:01 +0800] [96870] [INFO] Starting gunicorn 20.1.0
[2022-12-04 11:18:01 +0800] [96872] [INFO] Listening at: http://0.0.0.0:20004 (96872)
[2022-12-04 11:18:01 +0800] [96870] [INFO] Listening at: http://0.0.0.0:20003 (96870)
[2022-12-04 11:18:01 +0800] [96864] [INFO] Listening at: http://0.0.0.0:20000 (96864)
[2022-12-04 11:18:01 +0800] [96872] [INFO] Using worker: sync
[2022-12-04 11:18:01 +0800] [96870] [INFO] Using worker: sync
[2022-12-04 11:18:01 +0800] [96864] [INFO] Using worker: sync
[2022-12-04 11:18:01 +0800] [96866] [INFO] Starting gunicorn 20.1.0
[2022-12-04 11:18:01 +0800] [96866] [INFO] Listening at: http://0.0.0.0:20001 (96866)
[2022-12-04 11:18:01 +0800] [96866] [INFO] Using worker: sync
[2022-12-04 11:18:01 +0800] [96868] [INFO] Starting gunicorn 20.1.0
[2022-12-04 11:18:01 +0800] [96868] [INFO] Listening at: http://0.0.0.0:20002 (96868)
[2022-12-04 11:18:01 +0800] [96868] [INFO] Using worker: sync
[2022-12-04 11:18:01 +0800] [96873] [INFO] Booting worker with pid: 96873
[2022-12-04 11:18:01 +0800] [96874] [INFO] Booting worker with pid: 96874
[2022-12-04 11:18:01 +0800] [96876] [INFO] Booting worker with pid: 96876
[2022-12-04 11:18:01 +0800] [96875] [INFO] Booting worker with pid: 96875
[2022-12-04 11:18:01 +0800] [96877] [INFO] Booting worker with pid: 96877
[2022-12-04 11:28:42 +0800] [98279] [INFO] Starting gunicorn 20.1.0
[2022-12-04 11:28:42 +0800] [98275] [INFO] Starting gunicorn 20.1.0
[2022-12-04 11:28:42 +0800] [98273] [INFO] Starting gunicorn 20.1.0
[2022-12-04 11:28:42 +0800] [98273] [ERROR] Connection in use: ('0.0.0.0', 20000)
[2022-12-04 11:28:42 +0800] [98279] [ERROR] Connection in use: ('0.0.0.0', 20003)
[2022-12-04 11:28:42 +0800] [98275] [ERROR] Connection in use: ('0.0.0.0', 20001)
[2022-12-04 11:28:42 +0800] [98273] [ERROR] Retrying in 1 second.
[2022-12-04 11:28:42 +0800] [98279] [ERROR] Retrying in 1 second.
[2022-12-04 11:28:42 +0800] [98275] [ERROR] Retrying in 1 second.
[2022-12-04 11:28:42 +0800] [98277] [INFO] Starting gunicorn 20.1.0
[2022-12-04 11:28:42 +0800] [98277] [ERROR] Connection in use: ('0.0.0.0', 20002)
[2022-12-04 11:28:42 +0800] [98277] [ERROR] Retrying in 1 second.
[2022-12-04 11:28:42 +0800] [98281] [INFO] Starting gunicorn 20.1.0
[2022-12-04 11:28:42 +0800] [98281] [ERROR] Connection in use: ('0.0.0.0', 20004)
[2022-12-04 11:28:42 +0800] [98281] [ERROR] Retrying in 1 second.
[2022-12-04 11:28:43 +0800] [98281] [ERROR] Connection in use: ('0.0.0.0', 20004)
[2022-12-04 11:28:43 +0800] [98275] [ERROR] Connection in use: ('0.0.0.0', 20001)
[2022-12-04 11:28:43 +0800] [98279] [ERROR] Connection in use: ('0.0.0.0', 20003)
[2022-12-04 11:28:43 +0800] [98277] [ERROR] Connection in use: ('0.0.0.0', 20002)
[2022-12-04 11:28:43 +0800] [98281] [ERROR] Retrying in 1 second.
[2022-12-04 11:28:43 +0800] [98275] [ERROR] Retrying in 1 second.
[2022-12-04 11:28:43 +0800] [98279] [ERROR] Retrying in 1 second.
[2022-12-04 11:28:43 +0800] [98277] [ERROR] Retrying in 1 second.
[2022-12-04 11:28:43 +0800] [98273] [ERROR] Connection in use: ('0.0.0.0', 20000)
[2022-12-04 11:28:43 +0800] [98273] [ERROR] Retrying in 1 second.
[2022-12-04 11:28:44 +0800] [98279] [ERROR] Connection in use: ('0.0.0.0', 20003)
[2022-12-04 11:28:44 +0800] [98279] [ERROR] Retrying in 1 second.
[2022-12-04 11:28:44 +0800] [98281] [ERROR] Connection in use: ('0.0.0.0', 20004)
[2022-12-04 11:28:44 +0800] [98273] [ERROR] Connection in use: ('0.0.0.0', 20000)
[2022-12-04 11:28:44 +0800] [98281] [ERROR] Retrying in 1 second.
[2022-12-04 11:28:44 +0800] [98273] [ERROR] Retrying in 1 second.
[2022-12-04 11:28:44 +0800] [98277] [ERROR] Connection in use: ('0.0.0.0', 20002)
[2022-12-04 11:28:44 +0800] [98277] [ERROR] Retrying in 1 second.
[2022-12-04 11:28:44 +0800] [98275] [ERROR] Connection in use: ('0.0.0.0', 20001)
[2022-12-04 11:28:44 +0800] [98275] [ERROR] Retrying in 1 second.
[2022-12-04 11:28:45 +0800] [98277] [ERROR] Connection in use: ('0.0.0.0', 20002)
[2022-12-04 11:28:45 +0800] [98277] [ERROR] Retrying in 1 second.
[2022-12-04 11:28:45 +0800] [98281] [ERROR] Connection in use: ('0.0.0.0', 20004)
[2022-12-04 11:28:45 +0800] [98279] [ERROR] Connection in use: ('0.0.0.0', 20003)
[2022-12-04 11:28:45 +0800] [98281] [ERROR] Retrying in 1 second.
[2022-12-04 11:28:45 +0800] [98279] [ERROR] Retrying in 1 second.
[2022-12-04 11:28:45 +0800] [98273] [ERROR] Connection in use: ('0.0.0.0', 20000)
[2022-12-04 11:28:45 +0800] [98273] [ERROR] Retrying in 1 second.
[2022-12-04 11:28:45 +0800] [98275] [ERROR] Connection in use: ('0.0.0.0', 20001)
[2022-12-04 11:28:45 +0800] [98275] [ERROR] Retrying in 1 second.
[2022-12-04 11:28:46 +0800] [98277] [ERROR] Connection in use: ('0.0.0.0', 20002)
[2022-12-04 11:28:46 +0800] [98277] [ERROR] Retrying in 1 second.
[2022-12-04 11:28:46 +0800] [98281] [ERROR] Connection in use: ('0.0.0.0', 20004)
[2022-12-04 11:28:46 +0800] [98273] [ERROR] Connection in use: ('0.0.0.0', 20000)
[2022-12-04 11:28:46 +0800] [98281] [ERROR] Retrying in 1 second.
[2022-12-04 11:28:46 +0800] [98273] [ERROR] Retrying in 1 second.
[2022-12-04 11:28:46 +0800] [98275] [ERROR] Connection in use: ('0.0.0.0', 20001)
[2022-12-04 11:28:46 +0800] [98275] [ERROR] Retrying in 1 second.
[2022-12-04 11:28:46 +0800] [98279] [ERROR] Connection in use: ('0.0.0.0', 20003)
[2022-12-04 11:28:46 +0800] [98279] [ERROR] Retrying in 1 second.
[2022-12-04 11:28:47 +0800] [98281] [ERROR] Can't connect to ('0.0.0.0', 20004)
[2022-12-04 11:28:47 +0800] [98277] [ERROR] Can't connect to ('0.0.0.0', 20002)
[2022-12-04 11:28:47 +0800] [98273] [ERROR] Can't connect to ('0.0.0.0', 20000)
[2022-12-04 11:28:47 +0800] [98275] [ERROR] Can't connect to ('0.0.0.0', 20001)
[2022-12-04 11:28:47 +0800] [98279] [ERROR] Can't connect to ('0.0.0.0', 20003)
[2022-12-04 12:43:05 +0800] [96866] [CRITICAL] WORKER TIMEOUT (pid:96877)
[2022-12-04 12:43:05 +0800] [96872] [CRITICAL] WORKER TIMEOUT (pid:96874)
[2022-12-04 12:43:05 +0800] [96864] [CRITICAL] WORKER TIMEOUT (pid:96873)
[2022-12-04 12:43:05 +0800] [96870] [CRITICAL] WORKER TIMEOUT (pid:96875)
[2022-12-04 12:43:05 +0800] [96868] [CRITICAL] WORKER TIMEOUT (pid:96876)
[2022-12-04 12:43:05 +0800] [96874] [INFO] Worker exiting (pid: 96874)
[2022-12-04 12:43:06 +0800] [96873] [INFO] Worker exiting (pid: 96873)
[2022-12-04 12:43:05 +0800] [96876] [INFO] Worker exiting (pid: 96876)
[2022-12-04 12:43:05 +0800] [96877] [INFO] Worker exiting (pid: 96877)
[2022-12-04 12:43:06 +0800] [96875] [INFO] Worker exiting (pid: 96875)
[2022-12-04 12:43:06 +0800] [96872] [WARNING] Worker with pid 96874 was terminated due to signal 9
[2022-12-04 12:43:06 +0800] [96870] [WARNING] Worker with pid 96875 was terminated due to signal 9
[2022-12-04 12:43:06 +0800] [96864] [WARNING] Worker with pid 96873 was terminated due to signal 9
[2022-12-04 12:43:06 +0800] [96868] [WARNING] Worker with pid 96876 was terminated due to signal 9
[2022-12-04 12:43:06 +0800] [96866] [WARNING] Worker with pid 96877 was terminated due to signal 9
[2022-12-04 12:43:06 +0800] [4424] [INFO] Booting worker with pid: 4424
[2022-12-04 12:43:06 +0800] [4425] [INFO] Booting worker with pid: 4425
[2022-12-04 12:43:06 +0800] [4426] [INFO] Booting worker with pid: 4426
[2022-12-04 12:43:06 +0800] [4428] [INFO] Booting worker with pid: 4428
[2022-12-04 12:43:06 +0800] [4427] [INFO] Booting worker with pid: 4427
[2022-12-04 12:47:27 +0800] [96866] [CRITICAL] WORKER TIMEOUT (pid:4424)
[2022-12-04 12:47:27 +0800] [96870] [CRITICAL] WORKER TIMEOUT (pid:4428)
[2022-12-04 12:47:27 +0800] [96868] [CRITICAL] WORKER TIMEOUT (pid:4427)
[2022-12-04 12:47:27 +0800] [96864] [CRITICAL] WORKER TIMEOUT (pid:4425)
[2022-12-04 12:47:27 +0800] [96872] [CRITICAL] WORKER TIMEOUT (pid:4426)
[2022-12-04 12:47:27 +0800] [4426] [INFO] Worker exiting (pid: 4426)
[2022-12-04 12:47:27 +0800] [4428] [INFO] Worker exiting (pid: 4428)
[2022-12-04 12:47:27 +0800] [4427] [INFO] Worker exiting (pid: 4427)
[2022-12-04 12:47:27 +0800] [4424] [INFO] Worker exiting (pid: 4424)
[2022-12-04 12:47:27 +0800] [4425] [INFO] Worker exiting (pid: 4425)
[2022-12-04 12:47:28 +0800] [4540] [INFO] Booting worker with pid: 4540
[2022-12-04 12:47:28 +0800] [4542] [INFO] Booting worker with pid: 4542
[2022-12-04 12:47:28 +0800] [4543] [INFO] Booting worker with pid: 4543
[2022-12-04 12:47:28 +0800] [4541] [INFO] Booting worker with pid: 4541
[2022-12-04 12:47:28 +0800] [4544] [INFO] Booting worker with pid: 4544
[2022-12-04 13:07:31 +0800] [96864] [CRITICAL] WORKER TIMEOUT (pid:4542)
[2022-12-04 13:07:31 +0800] [96872] [CRITICAL] WORKER TIMEOUT (pid:4541)
[2022-12-04 13:07:31 +0800] [96866] [CRITICAL] WORKER TIMEOUT (pid:4543)
[2022-12-04 13:07:31 +0800] [96870] [CRITICAL] WORKER TIMEOUT (pid:4544)
[2022-12-04 13:07:31 +0800] [96868] [CRITICAL] WORKER TIMEOUT (pid:4540)
[2022-12-04 13:07:31 +0800] [4540] [INFO] Worker exiting (pid: 4540)
[2022-12-04 13:07:31 +0800] [4544] [INFO] Worker exiting (pid: 4544)
[2022-12-04 13:07:31 +0800] [4542] [INFO] Worker exiting (pid: 4542)
[2022-12-04 13:07:31 +0800] [4541] [INFO] Worker exiting (pid: 4541)
[2022-12-04 13:07:31 +0800] [4543] [INFO] Worker exiting (pid: 4543)
[2022-12-04 13:07:34 +0800] [5887] [INFO] Booting worker with pid: 5887
[2022-12-04 13:07:34 +0800] [5888] [INFO] Booting worker with pid: 5888
[2022-12-04 13:07:34 +0800] [5884] [INFO] Booting worker with pid: 5884
[2022-12-04 13:07:34 +0800] [5885] [INFO] Booting worker with pid: 5885
[2022-12-04 13:07:34 +0800] [5886] [INFO] Booting worker with pid: 5886
[2022-12-04 14:49:47 +0800] [96872] [CRITICAL] WORKER TIMEOUT (pid:5888)
[2022-12-04 14:49:47 +0800] [96870] [CRITICAL] WORKER TIMEOUT (pid:5884)
[2022-12-04 14:49:47 +0800] [96864] [CRITICAL] WORKER TIMEOUT (pid:5887)
[2022-12-04 14:49:47 +0800] [96868] [CRITICAL] WORKER TIMEOUT (pid:5885)
[2022-12-04 14:49:47 +0800] [96866] [CRITICAL] WORKER TIMEOUT (pid:5886)
[2022-12-04 14:49:47 +0800] [5884] [INFO] Worker exiting (pid: 5884)
[2022-12-04 14:49:48 +0800] [5886] [INFO] Worker exiting (pid: 5886)
[2022-12-04 14:49:47 +0800] [5888] [INFO] Worker exiting (pid: 5888)
[2022-12-04 14:49:48 +0800] [5887] [INFO] Worker exiting (pid: 5887)
[2022-12-04 14:49:48 +0800] [5885] [INFO] Worker exiting (pid: 5885)
[2022-12-04 14:49:48 +0800] [96870] [WARNING] Worker with pid 5884 was terminated due to signal 9
[2022-12-04 14:49:48 +0800] [96864] [WARNING] Worker with pid 5887 was terminated due to signal 9
[2022-12-04 14:49:48 +0800] [96872] [WARNING] Worker with pid 5888 was terminated due to signal 9
[2022-12-04 14:49:48 +0800] [96868] [WARNING] Worker with pid 5885 was terminated due to signal 9
[2022-12-04 14:49:48 +0800] [96866] [WARNING] Worker with pid 5886 was terminated due to signal 9
[2022-12-04 14:49:49 +0800] [14503] [INFO] Booting worker with pid: 14503
[2022-12-04 14:49:49 +0800] [14505] [INFO] Booting worker with pid: 14505
[2022-12-04 14:49:49 +0800] [14506] [INFO] Booting worker with pid: 14506
[2022-12-04 14:49:49 +0800] [14504] [INFO] Booting worker with pid: 14504
[2022-12-04 14:49:50 +0800] [14507] [INFO] Booting worker with pid: 14507
[2022-12-04 14:59:46 +0800] [96866] [CRITICAL] WORKER TIMEOUT (pid:14506)
[2022-12-04 14:59:46 +0800] [96864] [CRITICAL] WORKER TIMEOUT (pid:14505)
[2022-12-04 14:59:46 +0800] [96870] [CRITICAL] WORKER TIMEOUT (pid:14504)
[2022-12-04 14:59:46 +0800] [96872] [CRITICAL] WORKER TIMEOUT (pid:14507)
[2022-12-04 14:59:46 +0800] [96868] [CRITICAL] WORKER TIMEOUT (pid:14503)
[2022-12-04 14:59:46 +0800] [14505] [INFO] Worker exiting (pid: 14505)
[2022-12-04 14:59:47 +0800] [14504] [INFO] Worker exiting (pid: 14504)
[2022-12-04 14:59:46 +0800] [14507] [INFO] Worker exiting (pid: 14507)
[2022-12-04 14:59:46 +0800] [14506] [INFO] Worker exiting (pid: 14506)
[2022-12-04 14:59:46 +0800] [14503] [INFO] Worker exiting (pid: 14503)
[2022-12-04 14:59:50 +0800] [14602] [INFO] Booting worker with pid: 14602
[2022-12-04 14:59:50 +0800] [14604] [INFO] Booting worker with pid: 14604
[2022-12-04 14:59:50 +0800] [14605] [INFO] Booting worker with pid: 14605
[2022-12-04 14:59:50 +0800] [14603] [INFO] Booting worker with pid: 14603
[2022-12-04 14:59:50 +0800] [14606] [INFO] Booting worker with pid: 14606
[2022-12-04 15:26:43 +0800] [96868] [CRITICAL] WORKER TIMEOUT (pid:14605)
[2022-12-04 15:26:43 +0800] [96872] [CRITICAL] WORKER TIMEOUT (pid:14606)
[2022-12-04 15:26:43 +0800] [96864] [CRITICAL] WORKER TIMEOUT (pid:14604)
[2022-12-04 15:26:43 +0800] [96870] [CRITICAL] WORKER TIMEOUT (pid:14603)
[2022-12-04 15:26:43 +0800] [96866] [CRITICAL] WORKER TIMEOUT (pid:14602)
[2022-12-04 15:26:43 +0800] [14602] [INFO] Worker exiting (pid: 14602)
[2022-12-04 15:26:43 +0800] [14604] [INFO] Worker exiting (pid: 14604)
[2022-12-04 15:26:43 +0800] [14605] [INFO] Worker exiting (pid: 14605)
[2022-12-04 15:26:43 +0800] [14606] [INFO] Worker exiting (pid: 14606)
[2022-12-04 15:26:43 +0800] [14603] [INFO] Worker exiting (pid: 14603)
[2022-12-04 15:26:44 +0800] [15888] [INFO] Booting worker with pid: 15888
[2022-12-04 15:26:44 +0800] [15889] [INFO] Booting worker with pid: 15889
[2022-12-04 15:26:44 +0800] [15890] [INFO] Booting worker with pid: 15890
[2022-12-04 15:26:44 +0800] [15891] [INFO] Booting worker with pid: 15891
[2022-12-04 15:26:44 +0800] [15892] [INFO] Booting worker with pid: 15892
[2022-12-04 15:50:36 +0800] [96870] [INFO] Handling signal: term
[2022-12-04 15:50:36 +0800] [96868] [INFO] Handling signal: term
[2022-12-04 15:50:36 +0800] [96866] [INFO] Handling signal: term
[2022-12-04 15:50:36 +0800] [96864] [INFO] Handling signal: term
[2022-12-04 15:50:36 +0800] [96872] [INFO] Handling signal: term
[2022-12-04 15:50:36 +0800] [15888] [INFO] Worker exiting (pid: 15888)
[2022-12-04 15:50:36 +0800] [15889] [INFO] Worker exiting (pid: 15889)
[2022-12-04 15:50:36 +0800] [15891] [INFO] Worker exiting (pid: 15891)
[2022-12-04 15:50:36 +0800] [15890] [INFO] Worker exiting (pid: 15890)
[2022-12-04 15:50:36 +0800] [15892] [INFO] Worker exiting (pid: 15892)
[2022-12-04 15:50:38 +0800] [96868] [INFO] Shutting down: Master
[2022-12-04 15:50:38 +0800] [96870] [INFO] Shutting down: Master
[2022-12-04 15:50:38 +0800] [96872] [INFO] Shutting down: Master
[2022-12-04 15:50:38 +0800] [96866] [INFO] Shutting down: Master
[2022-12-04 15:50:38 +0800] [96864] [INFO] Shutting down: Master
[2022-12-04 15:51:58 +0800] [18509] [INFO] Starting gunicorn 20.1.0
[2022-12-04 15:51:58 +0800] [18509] [INFO] Listening at: http://0.0.0.0:20000 (18509)
[2022-12-04 15:51:58 +0800] [18509] [INFO] Using worker: sync
[2022-12-04 15:51:58 +0800] [18510] [INFO] Booting worker with pid: 18510
[2022-12-04 16:01:44 +0800] [18510] [INFO] Parent changed, shutting down: <Worker 18510>
[2022-12-04 16:01:44 +0800] [18510] [INFO] Worker exiting (pid: 18510)
[2022-12-04 16:03:42 +0800] [19746] [INFO] Starting gunicorn 20.1.0
[2022-12-04 16:03:42 +0800] [19746] [INFO] Listening at: http://0.0.0.0:20000 (19746)
[2022-12-04 16:03:42 +0800] [19746] [INFO] Using worker: sync
[2022-12-04 16:03:42 +0800] [19756] [INFO] Booting worker with pid: 19756
[2022-12-04 16:10:27 +0800] [19756] [INFO] Parent changed, shutting down: <Worker 19756>
[2022-12-04 16:10:27 +0800] [19756] [INFO] Worker exiting (pid: 19756)
[2022-12-04 16:10:48 +0800] [20502] [INFO] Starting gunicorn 20.1.0
[2022-12-04 16:10:48 +0800] [20502] [INFO] Listening at: http://0.0.0.0:20000 (20502)
[2022-12-04 16:10:48 +0800] [20502] [INFO] Using worker: sync
[2022-12-04 16:10:48 +0800] [20503] [INFO] Booting worker with pid: 20503
[2022-12-04 16:10:48 +0800] [20504] [INFO] Booting worker with pid: 20504
[2022-12-04 16:10:49 +0800] [20505] [INFO] Booting worker with pid: 20505
[2022-12-04 16:10:49 +0800] [20506] [INFO] Booting worker with pid: 20506
[2022-12-04 16:47:16 +0800] [20502] [CRITICAL] WORKER TIMEOUT (pid:20503)
[2022-12-04 16:47:16 +0800] [20502] [CRITICAL] WORKER TIMEOUT (pid:20504)
[2022-12-04 16:47:16 +0800] [20502] [CRITICAL] WORKER TIMEOUT (pid:20505)
[2022-12-04 16:47:16 +0800] [20502] [CRITICAL] WORKER TIMEOUT (pid:20506)
[2022-12-04 16:47:16 +0800] [20503] [INFO] Worker exiting (pid: 20503)
[2022-12-04 16:47:16 +0800] [20504] [INFO] Worker exiting (pid: 20504)
[2022-12-04 16:47:16 +0800] [20505] [INFO] Worker exiting (pid: 20505)
[2022-12-04 16:47:16 +0800] [20506] [INFO] Worker exiting (pid: 20506)
[2022-12-04 16:47:16 +0800] [22520] [INFO] Booting worker with pid: 22520
[2022-12-04 16:47:16 +0800] [22521] [INFO] Booting worker with pid: 22521
[2022-12-04 16:47:16 +0800] [22522] [INFO] Booting worker with pid: 22522
[2022-12-04 16:47:16 +0800] [22523] [INFO] Booting worker with pid: 22523
[2022-12-04 17:06:39 +0800] [20502] [INFO] Handling signal: term
[2022-12-04 17:06:39 +0800] [22521] [INFO] Worker exiting (pid: 22521)
[2022-12-04 17:06:39 +0800] [22520] [INFO] Worker exiting (pid: 22520)
[2022-12-04 17:06:39 +0800] [22522] [INFO] Worker exiting (pid: 22522)
[2022-12-04 17:06:39 +0800] [22523] [INFO] Worker exiting (pid: 22523)
[2022-12-04 17:06:39 +0800] [20502] [INFO] Shutting down: Master
[2022-12-04 17:07:18 +0800] [24771] [INFO] Starting gunicorn 20.1.0
[2022-12-04 17:07:18 +0800] [24777] [INFO] Starting gunicorn 20.1.0
[2022-12-04 17:07:18 +0800] [24777] [INFO] Listening at: http://0.0.0.0:20003 (24777)
[2022-12-04 17:07:18 +0800] [24771] [INFO] Listening at: http://0.0.0.0:20000 (24771)
[2022-12-04 17:07:18 +0800] [24777] [INFO] Using worker: sync
[2022-12-04 17:07:18 +0800] [24771] [INFO] Using worker: sync
[2022-12-04 17:07:18 +0800] [24782] [INFO] Booting worker with pid: 24782
[2022-12-04 17:07:18 +0800] [24783] [INFO] Booting worker with pid: 24783
[2022-12-04 17:07:18 +0800] [24779] [INFO] Starting gunicorn 20.1.0
[2022-12-04 17:07:18 +0800] [24779] [INFO] Listening at: http://0.0.0.0:20004 (24779)
[2022-12-04 17:07:18 +0800] [24779] [INFO] Using worker: sync
[2022-12-04 17:07:18 +0800] [24773] [INFO] Starting gunicorn 20.1.0
[2022-12-04 17:07:18 +0800] [24773] [INFO] Listening at: http://0.0.0.0:20001 (24773)
[2022-12-04 17:07:18 +0800] [24773] [INFO] Using worker: sync
[2022-12-04 17:07:18 +0800] [24784] [INFO] Booting worker with pid: 24784
[2022-12-04 17:07:18 +0800] [24785] [INFO] Booting worker with pid: 24785
[2022-12-04 17:07:18 +0800] [24775] [INFO] Starting gunicorn 20.1.0
[2022-12-04 17:07:18 +0800] [24775] [INFO] Listening at: http://0.0.0.0:20002 (24775)
[2022-12-04 17:07:18 +0800] [24775] [INFO] Using worker: sync
[2022-12-04 17:07:18 +0800] [24786] [INFO] Booting worker with pid: 24786
[2022-12-04 17:08:28 +0800] [24771] [INFO] Handling signal: term
[2022-12-04 17:08:28 +0800] [24783] [INFO] Worker exiting (pid: 24783)
[2022-12-04 17:08:28 +0800] [24771] [INFO] Shutting down: Master
[2022-12-04 17:09:06 +0800] [24775] [INFO] Handling signal: term
[2022-12-04 17:09:06 +0800] [24779] [INFO] Handling signal: term
[2022-12-04 17:09:06 +0800] [24773] [INFO] Handling signal: term
[2022-12-04 17:09:06 +0800] [24777] [INFO] Handling signal: term
[2022-12-04 17:09:06 +0800] [24786] [INFO] Worker exiting (pid: 24786)
[2022-12-04 17:09:06 +0800] [24782] [INFO] Worker exiting (pid: 24782)
[2022-12-04 17:09:06 +0800] [24785] [INFO] Worker exiting (pid: 24785)
[2022-12-04 17:09:06 +0800] [24784] [INFO] Worker exiting (pid: 24784)
[2022-12-04 17:09:06 +0800] [24775] [INFO] Shutting down: Master
[2022-12-04 17:09:06 +0800] [24779] [INFO] Shutting down: Master
[2022-12-04 17:09:06 +0800] [24777] [INFO] Shutting down: Master
[2022-12-04 17:09:06 +0800] [24773] [INFO] Shutting down: Master
